Using pre-set license
Built from '2021.1/release' branch; Version is '2021.1.0f1 (61a549675243) revision 6399305'; Using compiler version '192528614'; Build Type 'Release'
OS: 'Windows 10 Home; OS build 19042.1052; Version 2009; 64bit' Language: 'pt' Physical Memory: 8173 MB
BatchMode: 1, IsHumanControllingUs: 0, StartBugReporterOnCrash: 0, Is64bit: 1, IsPro: 0

 COMMAND LINE ARGUMENTS:
C:\Users\tassi\OneDrive\Documents\Game Dev\Unity Tests\2021.1.0f1\Editor\Unity.exe
-adb2
-batchMode
-noUpm
-name
AssetImportWorker0
-projectPath
C:/Users/tassi/OneDrive/Documents/Game Dev/Unity Tests/Playlearn2
-logFile
Logs/AssetImportWorker0.log
-srvPort
62932
Successfully changed project path to: C:/Users/tassi/OneDrive/Documents/Game Dev/Unity Tests/Playlearn2
C:/Users/tassi/OneDrive/Documents/Game Dev/Unity Tests/Playlearn2
Using Asset Import Pipeline V2.
Refreshing native plugins compatible for Editor in 194.82 ms, found 4 plugins.
Preloading 0 native plugins for Editor in 0.00 ms.
Initialize engine version: 2021.1.0f1 (61a549675243)
[Subsystems] Discovering subsystems at path C:/Users/tassi/OneDrive/Documents/Game Dev/Unity Tests/2021.1.0f1/Editor/Data/Resources/UnitySubsystems
[Subsystems] Discovering subsystems at path C:/Users/tassi/OneDrive/Documents/Game Dev/Unity Tests/Playlearn2/Assets
GfxDevice: creating device client; threaded=0; jobified=0
Direct3D:
    Version:  Direct3D 11.0 [level 11.1]
    Renderer: NVIDIA GeForce GTX 950 (ID=0x1402)
    Vendor:   NVIDIA
    VRAM:     2007 MB
    Driver:   27.21.14.6140
Initialize mono
Mono path[0] = 'C:/Users/tassi/OneDrive/Documents/Game Dev/Unity Tests/2021.1.0f1/Editor/Data/Managed'
Mono path[1] = 'C:/Users/tassi/OneDrive/Documents/Game Dev/Unity Tests/2021.1.0f1/Editor/Data/MonoBleedingEdge/lib/mono/unityjit'
Mono config path = 'C:/Users/tassi/OneDrive/Documents/Game Dev/Unity Tests/2021.1.0f1/Editor/Data/MonoBleedingEdge/etc'
Using monoOptions --debugger-agent=transport=dt_socket,embedding=1,server=y,suspend=n,address=127.0.0.1:56044
Begin MonoManager ReloadAssembly
Registering precompiled unity dll's ...
Register platform support module: C:/Users/tassi/OneDrive/Documents/Game Dev/Unity Tests/2021.1.0f1/Editor/Data/PlaybackEngines/WindowsStandaloneSupport/UnityEditor.WindowsStandalone.Extensions.dll
Registered in 0.003931 seconds.
Native extension for WindowsStandalone target not found
Refreshing native plugins compatible for Editor in 185.10 ms, found 4 plugins.
Preloading 0 native plugins for Editor in 0.00 ms.
Mono: successfully reloaded assembly
- Completed reload, in  2.301 seconds
Platform modules already initialized, skipping
Registering precompiled user dll's ...
Registered in 0.014223 seconds.
Begin MonoManager ReloadAssembly
Native extension for WindowsStandalone target not found
Refreshing native plugins compatible for Editor in 181.20 ms, found 4 plugins.
Preloading 0 native plugins for Editor in 0.00 ms.
Mono: successfully reloaded assembly
- Completed reload, in  2.453 seconds
Platform modules already initialized, skipping
========================================================================
Worker process is ready to serve import requests
Launched and connected shader compiler UnityShaderCompiler.exe after 0.07 seconds
Refreshing native plugins compatible for Editor in 1.47 ms, found 4 plugins.
Preloading 0 native plugins for Editor in 0.00 ms.
Unloading 3657 Unused Serialized files (Serialized files now loaded: 0)
System memory in use before: 136.7 MB.
System memory in use after: 136.8 MB.

Unloading 39 unused Assets to reduce memory usage. Loaded Objects now: 4108.
Total: 4.260000 ms (FindLiveObjects: 0.548000 ms CreateObjectMapping: 0.222600 ms MarkObjects: 3.284200 ms  DeleteObjects: 0.203700 ms)

========================================================================
Received Import Request.
  path: Assets/Sprites/Plataform.png
  artifactKey: Guid(5ee33f57b78f9ef44bf9b550d44a5dbd) Importer(815301076,1909f56bfc062723c751e8b465ee728b)
Start importing Assets/Sprites/Plataform.png using Guid(5ee33f57b78f9ef44bf9b550d44a5dbd) Importer(815301076,1909f56bfc062723c751e8b465ee728b)  -> (artifact id: 'd6a28f98613b753b804bde2213d7b693') in 0.516077 seconds 
========================================================================
Received Import Request.
  Time since last request: 53.698760 seconds.
  path: Assets/Prefab/Zombie.prefab
  artifactKey: Guid(973e2c69315d64942a5d502206ea2b4e) Importer(815301076,1909f56bfc062723c751e8b465ee728b)
Start importing Assets/Prefab/Zombie.prefab using Guid(973e2c69315d64942a5d502206ea2b4e) Importer(815301076,1909f56bfc062723c751e8b465ee728b)  -> (artifact id: 'cf6a62eb705df331b980ea0edcb69f39') in 0.397564 seconds 
========================================================================
Received Import Request.
  Time since last request: 29.987559 seconds.
  path: Assets/Scripts/MovePlatform.cs
  artifactKey: Guid(05ca7ea01fb62574ca1b42c5fd95b2e4) Importer(815301076,1909f56bfc062723c751e8b465ee728b)
Start importing Assets/Scripts/MovePlatform.cs using Guid(05ca7ea01fb62574ca1b42c5fd95b2e4) Importer(815301076,1909f56bfc062723c751e8b465ee728b)  -> (artifact id: '6b039d1c6fa8822f0ddd8de2d9f76eec') in 0.089969 seconds 
========================================================================
Received Prepare
Registering precompiled user dll's ...
Registered in 0.018498 seconds.
Begin MonoManager ReloadAssembly
Native extension for WindowsStandalone target not found
Refreshing native plugins compatible for Editor in 1.74 ms, found 4 plugins.
Preloading 0 native plugins for Editor in 0.00 ms.
Mono: successfully reloaded assembly
- Completed reload, in  2.119 seconds
Platform modules already initialized, skipping
Refreshing native plugins compatible for Editor in 1.41 ms, found 4 plugins.
Preloading 0 native plugins for Editor in 0.00 ms.
Unloading 3652 Unused Serialized files (Serialized files now loaded: 0)
System memory in use before: 141.6 MB.
System memory in use after: 141.7 MB.

Unloading 28 unused Assets to reduce memory usage. Loaded Objects now: 4138.
Total: 4.676300 ms (FindLiveObjects: 0.593600 ms CreateObjectMapping: 0.228400 ms MarkObjects: 3.656600 ms  DeleteObjects: 0.195900 ms)

========================================================================
Received Prepare
Registering precompiled user dll's ...
Registered in 0.019169 seconds.
Begin MonoManager ReloadAssembly
Native extension for WindowsStandalone target not found
Refreshing native plugins compatible for Editor in 2.07 ms, found 4 plugins.
Preloading 0 native plugins for Editor in 0.00 ms.
Mono: successfully reloaded assembly
- Completed reload, in  2.403 seconds
Platform modules already initialized, skipping
Refreshing native plugins compatible for Editor in 1.44 ms, found 4 plugins.
Preloading 0 native plugins for Editor in 0.00 ms.
Unloading 3651 Unused Serialized files (Serialized files now loaded: 0)
System memory in use before: 141.6 MB.
System memory in use after: 141.7 MB.

Unloading 27 unused Assets to reduce memory usage. Loaded Objects now: 4142.
Total: 6.947200 ms (FindLiveObjects: 1.427100 ms CreateObjectMapping: 0.499200 ms MarkObjects: 4.742500 ms  DeleteObjects: 0.268700 ms)

========================================================================
Received Import Request.
  Time since last request: 691.409424 seconds.
  path: Assets/Scripts/MovePlatform.cs
  artifactKey: Guid(05ca7ea01fb62574ca1b42c5fd95b2e4) Importer(815301076,1909f56bfc062723c751e8b465ee728b)
Start importing Assets/Scripts/MovePlatform.cs using Guid(05ca7ea01fb62574ca1b42c5fd95b2e4) Importer(815301076,1909f56bfc062723c751e8b465ee728b)  -> (artifact id: '1f3dea94bcf1c6a65d419aac0cc496a7') in 0.011341 seconds 
========================================================================
Received Prepare
Registering precompiled user dll's ...
Registered in 0.018725 seconds.
Begin MonoManager ReloadAssembly
Native extension for WindowsStandalone target not found
Refreshing native plugins compatible for Editor in 1.36 ms, found 4 plugins.
Preloading 0 native plugins for Editor in 0.00 ms.
Mono: successfully reloaded assembly
- Completed reload, in  2.053 seconds
Platform modules already initialized, skipping
Refreshing native plugins compatible for Editor in 1.48 ms, found 4 plugins.
Preloading 0 native plugins for Editor in 0.00 ms.
Unloading 3651 Unused Serialized files (Serialized files now loaded: 0)
System memory in use before: 141.6 MB.
System memory in use after: 141.7 MB.

Unloading 27 unused Assets to reduce memory usage. Loaded Objects now: 4146.
Total: 4.431800 ms (FindLiveObjects: 0.608000 ms CreateObjectMapping: 0.222700 ms MarkObjects: 3.404800 ms  DeleteObjects: 0.194600 ms)

========================================================================
Received Import Request.
  Time since last request: 130.581794 seconds.
  path: Assets/Prefab/Plataform.prefab
  artifactKey: Guid(582ebe83edf46b14490d7b0dfe3d1f15) Importer(815301076,1909f56bfc062723c751e8b465ee728b)
Start importing Assets/Prefab/Plataform.prefab using Guid(582ebe83edf46b14490d7b0dfe3d1f15) Importer(815301076,1909f56bfc062723c751e8b465ee728b)  -> (artifact id: 'd3cc71a6416cc9493d6211735d5fac4d') in 0.087717 seconds 
========================================================================
Received Prepare
Registering precompiled user dll's ...
Registered in 0.016333 seconds.
Begin MonoManager ReloadAssembly
Native extension for WindowsStandalone target not found
Refreshing native plugins compatible for Editor in 1.72 ms, found 4 plugins.
Preloading 0 native plugins for Editor in 0.00 ms.
Mono: successfully reloaded assembly
- Completed reload, in  2.263 seconds
Platform modules already initialized, skipping
Refreshing native plugins compatible for Editor in 2.24 ms, found 4 plugins.
Preloading 0 native plugins for Editor in 0.00 ms.
Unloading 3651 Unused Serialized files (Serialized files now loaded: 0)
System memory in use before: 141.6 MB.
System memory in use after: 141.8 MB.

Unloading 27 unused Assets to reduce memory usage. Loaded Objects now: 4151.
Total: 5.216900 ms (FindLiveObjects: 0.615100 ms CreateObjectMapping: 0.249800 ms MarkObjects: 4.141800 ms  DeleteObjects: 0.208300 ms)

========================================================================
Received Prepare
Registering precompiled user dll's ...
Registered in 0.014207 seconds.
Begin MonoManager ReloadAssembly
Native extension for WindowsStandalone target not found
Refreshing native plugins compatible for Editor in 1.36 ms, found 4 plugins.
Preloading 0 native plugins for Editor in 0.00 ms.
Mono: successfully reloaded assembly
- Completed reload, in  2.124 seconds
Platform modules already initialized, skipping
Refreshing native plugins compatible for Editor in 1.53 ms, found 4 plugins.
Preloading 0 native plugins for Editor in 0.00 ms.
Unloading 3651 Unused Serialized files (Serialized files now loaded: 0)
System memory in use before: 141.7 MB.
System memory in use after: 141.8 MB.

Unloading 27 unused Assets to reduce memory usage. Loaded Objects now: 4155.
Total: 4.464900 ms (FindLiveObjects: 0.585600 ms CreateObjectMapping: 0.250000 ms MarkObjects: 3.436900 ms  DeleteObjects: 0.190700 ms)

========================================================================
Received Prepare
Registering precompiled user dll's ...
Registered in 0.015446 seconds.
Begin MonoManager ReloadAssembly
Native extension for WindowsStandalone target not found
Refreshing native plugins compatible for Editor in 1.62 ms, found 4 plugins.
Preloading 0 native plugins for Editor in 0.00 ms.
Mono: successfully reloaded assembly
- Completed reload, in  2.247 seconds
Platform modules already initialized, skipping
Refreshing native plugins compatible for Editor in 1.47 ms, found 4 plugins.
Preloading 0 native plugins for Editor in 0.00 ms.
Unloading 3651 Unused Serialized files (Serialized files now loaded: 0)
System memory in use before: 141.7 MB.
System memory in use after: 141.8 MB.

Unloading 27 unused Assets to reduce memory usage. Loaded Objects now: 4159.
Total: 4.194000 ms (FindLiveObjects: 0.569100 ms CreateObjectMapping: 0.231400 ms MarkObjects: 3.209700 ms  DeleteObjects: 0.182200 ms)

========================================================================
Received Prepare
Registering precompiled user dll's ...
Registered in 0.015986 seconds.
Begin MonoManager ReloadAssembly
Native extension for WindowsStandalone target not found
Refreshing native plugins compatible for Editor in 1.40 ms, found 4 plugins.
Preloading 0 native plugins for Editor in 0.00 ms.
Mono: successfully reloaded assembly
- Completed reload, in  2.243 seconds
Platform modules already initialized, skipping
Refreshing native plugins compatible for Editor in 1.36 ms, found 4 plugins.
Preloading 0 native plugins for Editor in 0.00 ms.
Unloading 3651 Unused Serialized files (Serialized files now loaded: 0)
System memory in use before: 141.7 MB.
System memory in use after: 141.8 MB.

Unloading 27 unused Assets to reduce memory usage. Loaded Objects now: 4163.
Total: 5.137200 ms (FindLiveObjects: 0.647100 ms CreateObjectMapping: 0.241300 ms MarkObjects: 4.048800 ms  DeleteObjects: 0.198500 ms)

========================================================================
Received Prepare
Registering precompiled user dll's ...
Registered in 0.016028 seconds.
Begin MonoManager ReloadAssembly
Native extension for WindowsStandalone target not found
Refreshing native plugins compatible for Editor in 1.41 ms, found 4 plugins.
Preloading 0 native plugins for Editor in 0.00 ms.
Mono: successfully reloaded assembly
- Completed reload, in  2.073 seconds
Platform modules already initialized, skipping
Refreshing native plugins compatible for Editor in 1.73 ms, found 4 plugins.
Preloading 0 native plugins for Editor in 0.00 ms.
Unloading 3651 Unused Serialized files (Serialized files now loaded: 0)
System memory in use before: 141.7 MB.
System memory in use after: 141.8 MB.

Unloading 27 unused Assets to reduce memory usage. Loaded Objects now: 4167.
Total: 4.596500 ms (FindLiveObjects: 0.575600 ms CreateObjectMapping: 0.235100 ms MarkObjects: 3.562200 ms  DeleteObjects: 0.221800 ms)

========================================================================
Received Import Request.
  Time since last request: 461.304057 seconds.
  path: Assets/Prefab/Plataform.prefab
  artifactKey: Guid(582ebe83edf46b14490d7b0dfe3d1f15) Importer(815301076,1909f56bfc062723c751e8b465ee728b)
Start importing Assets/Prefab/Plataform.prefab using Guid(582ebe83edf46b14490d7b0dfe3d1f15) Importer(815301076,1909f56bfc062723c751e8b465ee728b)  -> (artifact id: '9cce1c4d2d48be5a93fc77d804055640') in 0.081188 seconds 
========================================================================
Received Import Request.
  Time since last request: 8.162550 seconds.
  path: Assets/Prefab/Plataform.prefab
  artifactKey: Guid(582ebe83edf46b14490d7b0dfe3d1f15) Importer(815301076,1909f56bfc062723c751e8b465ee728b)
Start importing Assets/Prefab/Plataform.prefab using Guid(582ebe83edf46b14490d7b0dfe3d1f15) Importer(815301076,1909f56bfc062723c751e8b465ee728b)  -> (artifact id: '0b9c92717988ef003c342963a69e5f7e') in 0.027192 seconds 
========================================================================
Received Prepare
Registering precompiled user dll's ...
Registered in 0.015293 seconds.
Begin MonoManager ReloadAssembly
Native extension for WindowsStandalone target not found
Refreshing native plugins compatible for Editor in 1.33 ms, found 4 plugins.
Preloading 0 native plugins for Editor in 0.00 ms.
Mono: successfully reloaded assembly
- Completed reload, in  2.367 seconds
Platform modules already initialized, skipping
Refreshing native plugins compatible for Editor in 2.41 ms, found 4 plugins.
Preloading 0 native plugins for Editor in 0.00 ms.
Unloading 3651 Unused Serialized files (Serialized files now loaded: 0)
System memory in use before: 141.7 MB.
System memory in use after: 141.8 MB.

Unloading 27 unused Assets to reduce memory usage. Loaded Objects now: 4172.
Total: 5.371300 ms (FindLiveObjects: 0.638600 ms CreateObjectMapping: 0.261400 ms MarkObjects: 4.276500 ms  DeleteObjects: 0.192600 ms)

========================================================================
Received Prepare
Registering precompiled user dll's ...
Registered in 0.014817 seconds.
Begin MonoManager ReloadAssembly
Native extension for WindowsStandalone target not found
Refreshing native plugins compatible for Editor in 1.63 ms, found 4 plugins.
Preloading 0 native plugins for Editor in 0.00 ms.
Mono: successfully reloaded assembly
- Completed reload, in  2.235 seconds
Platform modules already initialized, skipping
Refreshing native plugins compatible for Editor in 1.61 ms, found 4 plugins.
Preloading 0 native plugins for Editor in 0.00 ms.
Unloading 3651 Unused Serialized files (Serialized files now loaded: 0)
System memory in use before: 141.7 MB.
System memory in use after: 141.8 MB.

Unloading 27 unused Assets to reduce memory usage. Loaded Objects now: 4176.
Total: 4.731700 ms (FindLiveObjects: 0.736400 ms CreateObjectMapping: 0.262000 ms MarkObjects: 3.551100 ms  DeleteObjects: 0.179800 ms)

========================================================================
Received Prepare
Registering precompiled user dll's ...
Registered in 0.014899 seconds.
Begin MonoManager ReloadAssembly
Native extension for WindowsStandalone target not found
Refreshing native plugins compatible for Editor in 1.61 ms, found 4 plugins.
Preloading 0 native plugins for Editor in 0.00 ms.
Mono: successfully reloaded assembly
- Completed reload, in  2.241 seconds
Platform modules already initialized, skipping
Refreshing native plugins compatible for Editor in 1.43 ms, found 4 plugins.
Preloading 0 native plugins for Editor in 0.00 ms.
Unloading 3651 Unused Serialized files (Serialized files now loaded: 0)
System memory in use before: 141.7 MB.
System memory in use after: 141.8 MB.

Unloading 27 unused Assets to reduce memory usage. Loaded Objects now: 4180.
Total: 4.771000 ms (FindLiveObjects: 0.772100 ms CreateObjectMapping: 0.267300 ms MarkObjects: 3.560500 ms  DeleteObjects: 0.168800 ms)

========================================================================
Received Prepare
Registering precompiled user dll's ...
Registered in 0.014143 seconds.
Begin MonoManager ReloadAssembly
Native extension for WindowsStandalone target not found
Refreshing native plugins compatible for Editor in 1.34 ms, found 4 plugins.
Preloading 0 native plugins for Editor in 0.00 ms.
Mono: successfully reloaded assembly
- Completed reload, in  2.167 seconds
Platform modules already initialized, skipping
Refreshing native plugins compatible for Editor in 1.44 ms, found 4 plugins.
Preloading 0 native plugins for Editor in 0.00 ms.
Unloading 3651 Unused Serialized files (Serialized files now loaded: 0)
System memory in use before: 141.7 MB.
System memory in use after: 141.8 MB.

Unloading 27 unused Assets to reduce memory usage. Loaded Objects now: 4184.
Total: 5.319100 ms (FindLiveObjects: 0.778700 ms CreateObjectMapping: 0.268500 ms MarkObjects: 4.068700 ms  DeleteObjects: 0.201200 ms)

========================================================================
Received Prepare
Registering precompiled user dll's ...
Registered in 0.015997 seconds.
Begin MonoManager ReloadAssembly
Native extension for WindowsStandalone target not found
Refreshing native plugins compatible for Editor in 1.29 ms, found 4 plugins.
Preloading 0 native plugins for Editor in 0.00 ms.
Mono: successfully reloaded assembly
- Completed reload, in  2.250 seconds
Platform modules already initialized, skipping
Refreshing native plugins compatible for Editor in 1.58 ms, found 4 plugins.
Preloading 0 native plugins for Editor in 0.00 ms.
Unloading 3651 Unused Serialized files (Serialized files now loaded: 0)
System memory in use before: 141.7 MB.
System memory in use after: 141.8 MB.

Unloading 27 unused Assets to reduce memory usage. Loaded Objects now: 4188.
Total: 5.175500 ms (FindLiveObjects: 0.605800 ms CreateObjectMapping: 0.226800 ms MarkObjects: 4.126800 ms  DeleteObjects: 0.213400 ms)

========================================================================
Received Prepare
Registering precompiled user dll's ...
Registered in 0.014327 seconds.
Begin MonoManager ReloadAssembly
Native extension for WindowsStandalone target not found
Refreshing native plugins compatible for Editor in 1.29 ms, found 4 plugins.
Preloading 0 native plugins for Editor in 0.00 ms.
Mono: successfully reloaded assembly
- Completed reload, in  2.111 seconds
Platform modules already initialized, skipping
Refreshing native plugins compatible for Editor in 1.37 ms, found 4 plugins.
Preloading 0 native plugins for Editor in 0.00 ms.
Unloading 3651 Unused Serialized files (Serialized files now loaded: 0)
System memory in use before: 141.8 MB.
System memory in use after: 141.9 MB.

Unloading 27 unused Assets to reduce memory usage. Loaded Objects now: 4192.
Total: 4.350900 ms (FindLiveObjects: 0.522100 ms CreateObjectMapping: 0.215600 ms MarkObjects: 3.422900 ms  DeleteObjects: 0.188600 ms)

========================================================================
Received Import Request.
  Time since last request: 1031.666637 seconds.
  path: ProjectSettings/TagManager.asset
  artifactKey: Guid(00000000000000003000000000000000) Importer(815301076,1909f56bfc062723c751e8b465ee728b)
Start importing ProjectSettings/TagManager.asset using Guid(00000000000000003000000000000000) Importer(815301076,1909f56bfc062723c751e8b465ee728b)  -> (artifact id: '4afde91b4f6d0ab973f2d1f0656f04a5') in 0.042977 seconds 
========================================================================
Received Prepare
Registering precompiled user dll's ...
Registered in 0.027877 seconds.
Begin MonoManager ReloadAssembly
Native extension for WindowsStandalone target not found
Refreshing native plugins compatible for Editor in 1.51 ms, found 4 plugins.
Preloading 0 native plugins for Editor in 0.00 ms.
Mono: successfully reloaded assembly
- Completed reload, in  2.274 seconds
Platform modules already initialized, skipping
Refreshing native plugins compatible for Editor in 1.68 ms, found 4 plugins.
Preloading 0 native plugins for Editor in 0.00 ms.
Unloading 3651 Unused Serialized files (Serialized files now loaded: 0)
System memory in use before: 141.8 MB.
System memory in use after: 141.9 MB.

Unloading 28 unused Assets to reduce memory usage. Loaded Objects now: 4196.
Total: 5.200600 ms (FindLiveObjects: 0.626900 ms CreateObjectMapping: 0.238200 ms MarkObjects: 4.157700 ms  DeleteObjects: 0.176300 ms)

========================================================================
Received Prepare
Registering precompiled user dll's ...
Registered in 0.014550 seconds.
Begin MonoManager ReloadAssembly
Native extension for WindowsStandalone target not found
Refreshing native plugins compatible for Editor in 1.68 ms, found 4 plugins.
Preloading 0 native plugins for Editor in 0.00 ms.
Mono: successfully reloaded assembly
- Completed reload, in  2.255 seconds
Platform modules already initialized, skipping
Refreshing native plugins compatible for Editor in 1.42 ms, found 4 plugins.
Preloading 0 native plugins for Editor in 0.00 ms.
Unloading 3651 Unused Serialized files (Serialized files now loaded: 0)
System memory in use before: 141.8 MB.
System memory in use after: 141.9 MB.

Unloading 27 unused Assets to reduce memory usage. Loaded Objects now: 4200.
Total: 4.456400 ms (FindLiveObjects: 0.604500 ms CreateObjectMapping: 0.230200 ms MarkObjects: 3.429600 ms  DeleteObjects: 0.190400 ms)

========================================================================
Received Prepare
Registering precompiled user dll's ...
Registered in 0.014547 seconds.
Begin MonoManager ReloadAssembly
Native extension for WindowsStandalone target not found
Refreshing native plugins compatible for Editor in 1.79 ms, found 4 plugins.
Preloading 0 native plugins for Editor in 0.00 ms.
Mono: successfully reloaded assembly
- Completed reload, in  2.165 seconds
Platform modules already initialized, skipping
Refreshing native plugins compatible for Editor in 1.69 ms, found 4 plugins.
Preloading 0 native plugins for Editor in 0.00 ms.
Unloading 3651 Unused Serialized files (Serialized files now loaded: 0)
System memory in use before: 141.8 MB.
System memory in use after: 141.9 MB.

Unloading 27 unused Assets to reduce memory usage. Loaded Objects now: 4204.
Total: 4.675700 ms (FindLiveObjects: 0.618300 ms CreateObjectMapping: 0.242300 ms MarkObjects: 3.626500 ms  DeleteObjects: 0.187200 ms)

========================================================================
Received Import Request.
  Time since last request: 928.943935 seconds.
  path: Assets/Prefab/Plataform.prefab
  artifactKey: Guid(582ebe83edf46b14490d7b0dfe3d1f15) Importer(815301076,1909f56bfc062723c751e8b465ee728b)
Start importing Assets/Prefab/Plataform.prefab using Guid(582ebe83edf46b14490d7b0dfe3d1f15) Importer(815301076,1909f56bfc062723c751e8b465ee728b)  -> (artifact id: '7ada1db98dab0641c321303114257f7c') in 0.095418 seconds 
========================================================================
Received Import Request.
  Time since last request: 29.024286 seconds.
  path: Assets/Prefab/Plataform.prefab
  artifactKey: Guid(582ebe83edf46b14490d7b0dfe3d1f15) Importer(815301076,1909f56bfc062723c751e8b465ee728b)
Start importing Assets/Prefab/Plataform.prefab using Guid(582ebe83edf46b14490d7b0dfe3d1f15) Importer(815301076,1909f56bfc062723c751e8b465ee728b)  -> (artifact id: '2a4fdd3fa6130d822735be78026dc214') in 0.046187 seconds 
========================================================================
Received Prepare
Registering precompiled user dll's ...
Registered in 0.016030 seconds.
Begin MonoManager ReloadAssembly
Native extension for WindowsStandalone target not found
Refreshing native plugins compatible for Editor in 1.40 ms, found 4 plugins.
Preloading 0 native plugins for Editor in 0.00 ms.
Mono: successfully reloaded assembly
- Completed reload, in  2.266 seconds
Platform modules already initialized, skipping
Refreshing native plugins compatible for Editor in 1.46 ms, found 4 plugins.
Preloading 0 native plugins for Editor in 0.00 ms.
Unloading 3651 Unused Serialized files (Serialized files now loaded: 0)
System memory in use before: 141.8 MB.
System memory in use after: 141.9 MB.

Unloading 27 unused Assets to reduce memory usage. Loaded Objects now: 4209.
Total: 4.363300 ms (FindLiveObjects: 0.520500 ms CreateObjectMapping: 0.220000 ms MarkObjects: 3.421600 ms  DeleteObjects: 0.199600 ms)

========================================================================
Received Prepare
Registering precompiled user dll's ...
Registered in 0.014528 seconds.
Begin MonoManager ReloadAssembly
Native extension for WindowsStandalone target not found
Refreshing native plugins compatible for Editor in 1.35 ms, found 4 plugins.
Preloading 0 native plugins for Editor in 0.00 ms.
Mono: successfully reloaded assembly
- Completed reload, in  2.215 seconds
Platform modules already initialized, skipping
Refreshing native plugins compatible for Editor in 1.42 ms, found 4 plugins.
Preloading 0 native plugins for Editor in 0.00 ms.
Unloading 3651 Unused Serialized files (Serialized files now loaded: 0)
System memory in use before: 141.8 MB.
System memory in use after: 141.9 MB.

Unloading 27 unused Assets to reduce memory usage. Loaded Objects now: 4213.
Total: 4.450500 ms (FindLiveObjects: 0.632900 ms CreateObjectMapping: 0.251400 ms MarkObjects: 3.393400 ms  DeleteObjects: 0.171200 ms)

========================================================================
Received Prepare
Registering precompiled user dll's ...
Registered in 0.014703 seconds.
Begin MonoManager ReloadAssembly
Native extension for WindowsStandalone target not found
Refreshing native plugins compatible for Editor in 1.48 ms, found 4 plugins.
Preloading 0 native plugins for Editor in 0.00 ms.
Mono: successfully reloaded assembly
- Completed reload, in  2.041 seconds
Platform modules already initialized, skipping
Refreshing native plugins compatible for Editor in 1.35 ms, found 4 plugins.
Preloading 0 native plugins for Editor in 0.00 ms.
Unloading 3651 Unused Serialized files (Serialized files now loaded: 0)
System memory in use before: 141.8 MB.
System memory in use after: 141.9 MB.

Unloading 27 unused Assets to reduce memory usage. Loaded Objects now: 4217.
Total: 4.279000 ms (FindLiveObjects: 0.550600 ms CreateObjectMapping: 0.225200 ms MarkObjects: 3.316800 ms  DeleteObjects: 0.184800 ms)

========================================================================
Received Prepare
Registering precompiled user dll's ...
Registered in 0.016963 seconds.
Begin MonoManager ReloadAssembly
Native extension for WindowsStandalone target not found
Refreshing native plugins compatible for Editor in 1.40 ms, found 4 plugins.
Preloading 0 native plugins for Editor in 0.00 ms.
Mono: successfully reloaded assembly
- Completed reload, in  2.276 seconds
Platform modules already initialized, skipping
Refreshing native plugins compatible for Editor in 2.34 ms, found 4 plugins.
Preloading 0 native plugins for Editor in 0.00 ms.
Unloading 3651 Unused Serialized files (Serialized files now loaded: 0)
System memory in use before: 141.9 MB.
System memory in use after: 142.0 MB.

Unloading 27 unused Assets to reduce memory usage. Loaded Objects now: 4221.
Total: 5.259400 ms (FindLiveObjects: 0.631400 ms CreateObjectMapping: 0.245100 ms MarkObjects: 4.176800 ms  DeleteObjects: 0.203500 ms)

========================================================================
Received Prepare
Registering precompiled user dll's ...
Registered in 0.016591 seconds.
Begin MonoManager ReloadAssembly
Native extension for WindowsStandalone target not found
Refreshing native plugins compatible for Editor in 1.39 ms, found 4 plugins.
Preloading 0 native plugins for Editor in 0.00 ms.
Mono: successfully reloaded assembly
- Completed reload, in  2.287 seconds
Platform modules already initialized, skipping
Refreshing native plugins compatible for Editor in 1.39 ms, found 4 plugins.
Preloading 0 native plugins for Editor in 0.00 ms.
Unloading 3651 Unused Serialized files (Serialized files now loaded: 0)
System memory in use before: 141.9 MB.
System memory in use after: 142.0 MB.

Unloading 27 unused Assets to reduce memory usage. Loaded Objects now: 4225.
Total: 4.430900 ms (FindLiveObjects: 0.604100 ms CreateObjectMapping: 0.233100 ms MarkObjects: 3.419200 ms  DeleteObjects: 0.173100 ms)

========================================================================
Received Prepare
Registering precompiled user dll's ...
Registered in 0.014412 seconds.
Begin MonoManager ReloadAssembly
Native extension for WindowsStandalone target not found
Refreshing native plugins compatible for Editor in 1.40 ms, found 4 plugins.
Preloading 0 native plugins for Editor in 0.00 ms.
Mono: successfully reloaded assembly
- Completed reload, in  2.260 seconds
Platform modules already initialized, skipping
Refreshing native plugins compatible for Editor in 1.73 ms, found 4 plugins.
Preloading 0 native plugins for Editor in 0.00 ms.
Unloading 3651 Unused Serialized files (Serialized files now loaded: 0)
System memory in use before: 141.9 MB.
System memory in use after: 142.0 MB.

Unloading 27 unused Assets to reduce memory usage. Loaded Objects now: 4229.
Total: 5.002800 ms (FindLiveObjects: 0.600600 ms CreateObjectMapping: 0.237400 ms MarkObjects: 3.971700 ms  DeleteObjects: 0.191500 ms)

========================================================================
Received Prepare
Registering precompiled user dll's ...
Registered in 0.015072 seconds.
Begin MonoManager ReloadAssembly
Native extension for WindowsStandalone target not found
Refreshing native plugins compatible for Editor in 1.31 ms, found 4 plugins.
Preloading 0 native plugins for Editor in 0.00 ms.
Mono: successfully reloaded assembly
- Completed reload, in  2.087 seconds
Platform modules already initialized, skipping
Refreshing native plugins compatible for Editor in 1.35 ms, found 4 plugins.
Preloading 0 native plugins for Editor in 0.00 ms.
Unloading 3651 Unused Serialized files (Serialized files now loaded: 0)
System memory in use before: 141.9 MB.
System memory in use after: 142.1 MB.

Unloading 27 unused Assets to reduce memory usage. Loaded Objects now: 4233.
Total: 4.895900 ms (FindLiveObjects: 0.567100 ms CreateObjectMapping: 0.223800 ms MarkObjects: 3.862800 ms  DeleteObjects: 0.240700 ms)

========================================================================
Received Prepare
Registering precompiled user dll's ...
Registered in 0.015253 seconds.
Begin MonoManager ReloadAssembly
Native extension for WindowsStandalone target not found
Refreshing native plugins compatible for Editor in 1.43 ms, found 4 plugins.
Preloading 0 native plugins for Editor in 0.00 ms.
Mono: successfully reloaded assembly
- Completed reload, in  2.148 seconds
Platform modules already initialized, skipping
Refreshing native plugins compatible for Editor in 1.67 ms, found 4 plugins.
Preloading 0 native plugins for Editor in 0.00 ms.
Unloading 3651 Unused Serialized files (Serialized files now loaded: 0)
System memory in use before: 141.9 MB.
System memory in use after: 142.1 MB.

Unloading 27 unused Assets to reduce memory usage. Loaded Objects now: 4237.
Total: 4.408300 ms (FindLiveObjects: 0.544600 ms CreateObjectMapping: 0.238200 ms MarkObjects: 3.455100 ms  DeleteObjects: 0.168800 ms)

========================================================================
Received Import Request.
  Time since last request: 1049.845791 seconds.
  path: Assets/Prefab/Platform.prefab
  artifactKey: Guid(582ebe83edf46b14490d7b0dfe3d1f15) Importer(815301076,1909f56bfc062723c751e8b465ee728b)
Start importing Assets/Prefab/Platform.prefab using Guid(582ebe83edf46b14490d7b0dfe3d1f15) Importer(815301076,1909f56bfc062723c751e8b465ee728b)  -> (artifact id: 'fa483f37e1bc4ad1a058ae7df6058639') in 0.090513 seconds 
========================================================================
Received Prepare
Registering precompiled user dll's ...
Registered in 0.014923 seconds.
Begin MonoManager ReloadAssembly
Native extension for WindowsStandalone target not found
Refreshing native plugins compatible for Editor in 1.41 ms, found 4 plugins.
Preloading 0 native plugins for Editor in 0.00 ms.
Mono: successfully reloaded assembly
- Completed reload, in  2.277 seconds
Platform modules already initialized, skipping
Refreshing native plugins compatible for Editor in 1.33 ms, found 4 plugins.
Preloading 0 native plugins for Editor in 0.00 ms.
Unloading 3651 Unused Serialized files (Serialized files now loaded: 0)
System memory in use before: 142.0 MB.
System memory in use after: 142.1 MB.

Unloading 27 unused Assets to reduce memory usage. Loaded Objects now: 4242.
Total: 4.483700 ms (FindLiveObjects: 0.587400 ms CreateObjectMapping: 0.241300 ms MarkObjects: 3.457500 ms  DeleteObjects: 0.195500 ms)

========================================================================
Received Prepare
Registering precompiled user dll's ...
Registered in 0.017042 seconds.
Begin MonoManager ReloadAssembly
Native extension for WindowsStandalone target not found
Refreshing native plugins compatible for Editor in 1.96 ms, found 4 plugins.
Preloading 0 native plugins for Editor in 0.00 ms.
Mono: successfully reloaded assembly
- Completed reload, in  2.499 seconds
Platform modules already initialized, skipping
Refreshing native plugins compatible for Editor in 1.75 ms, found 4 plugins.
Preloading 0 native plugins for Editor in 0.00 ms.
Unloading 3651 Unused Serialized files (Serialized files now loaded: 0)
System memory in use before: 142.0 MB.
System memory in use after: 142.1 MB.

Unloading 27 unused Assets to reduce memory usage. Loaded Objects now: 4246.
Total: 5.240300 ms (FindLiveObjects: 0.581700 ms CreateObjectMapping: 0.221600 ms MarkObjects: 4.267000 ms  DeleteObjects: 0.168100 ms)

========================================================================
Received Import Request.
  Time since last request: 721.821841 seconds.
  path: Assets/Prefab/Platform.prefab
  artifactKey: Guid(582ebe83edf46b14490d7b0dfe3d1f15) Importer(815301076,1909f56bfc062723c751e8b465ee728b)
Start importing Assets/Prefab/Platform.prefab using Guid(582ebe83edf46b14490d7b0dfe3d1f15) Importer(815301076,1909f56bfc062723c751e8b465ee728b)  -> (artifact id: '66f288f1e635bb1802bb05e863dd068e') in 0.107209 seconds 
========================================================================
Received Prepare
Registering precompiled user dll's ...
Registered in 0.015028 seconds.
Begin MonoManager ReloadAssembly
Native extension for WindowsStandalone target not found
Refreshing native plugins compatible for Editor in 2.25 ms, found 4 plugins.
Preloading 0 native plugins for Editor in 0.00 ms.
Mono: successfully reloaded assembly
- Completed reload, in  2.277 seconds
Platform modules already initialized, skipping
Refreshing native plugins compatible for Editor in 1.43 ms, found 4 plugins.
Preloading 0 native plugins for Editor in 0.00 ms.
Unloading 3651 Unused Serialized files (Serialized files now loaded: 0)
System memory in use before: 142.0 MB.
System memory in use after: 142.1 MB.

Unloading 27 unused Assets to reduce memory usage. Loaded Objects now: 4251.
Total: 5.085000 ms (FindLiveObjects: 0.742600 ms CreateObjectMapping: 0.261600 ms MarkObjects: 3.886600 ms  DeleteObjects: 0.191900 ms)

========================================================================
Received Prepare
Registering precompiled user dll's ...
Registered in 0.014829 seconds.
Begin MonoManager ReloadAssembly
Native extension for WindowsStandalone target not found
Refreshing native plugins compatible for Editor in 4.26 ms, found 4 plugins.
Preloading 0 native plugins for Editor in 0.00 ms.
Mono: successfully reloaded assembly
- Completed reload, in  2.458 seconds
Platform modules already initialized, skipping
Refreshing native plugins compatible for Editor in 1.53 ms, found 4 plugins.
Preloading 0 native plugins for Editor in 0.00 ms.
Unloading 3651 Unused Serialized files (Serialized files now loaded: 0)
System memory in use before: 142.0 MB.
System memory in use after: 142.1 MB.

Unloading 27 unused Assets to reduce memory usage. Loaded Objects now: 4255.
Total: 5.400200 ms (FindLiveObjects: 0.681200 ms CreateObjectMapping: 0.228400 ms MarkObjects: 4.300500 ms  DeleteObjects: 0.188500 ms)

========================================================================
Received Import Request.
  Time since last request: 491.648697 seconds.
  path: Assets/Tilemap/Objects.prefab
  artifactKey: Guid(62857196c952e6a4a880214829e0e6ae) Importer(815301076,1909f56bfc062723c751e8b465ee728b)
Start importing Assets/Tilemap/Objects.prefab using Guid(62857196c952e6a4a880214829e0e6ae) Importer(815301076,1909f56bfc062723c751e8b465ee728b)  -> (artifact id: 'bf9f1bee5e85e13f4a1d1903a4aa5197') in 0.057950 seconds 
========================================================================
Received Import Request.
  Time since last request: 1.520720 seconds.
  path: Assets/Tilemap/Floor
  artifactKey: Guid(ef63cfb53afa6ea4697fd97e8c955ad3) Importer(815301076,1909f56bfc062723c751e8b465ee728b)
Start importing Assets/Tilemap/Floor using Guid(ef63cfb53afa6ea4697fd97e8c955ad3) Importer(815301076,1909f56bfc062723c751e8b465ee728b)  -> (artifact id: 'f83613e35fda19131a018d4058073573') in 0.052793 seconds 
========================================================================
Received Import Request.
  Time since last request: 0.000410 seconds.
  path: Assets/Tilemap/Floor/Bone (1).asset
  artifactKey: Guid(71828ee872a5db042bc0e47882084bd6) Importer(815301076,1909f56bfc062723c751e8b465ee728b)
Start importing Assets/Tilemap/Floor/Bone (1).asset using Guid(71828ee872a5db042bc0e47882084bd6) Importer(815301076,1909f56bfc062723c751e8b465ee728b)  -> (artifact id: '5eb8fcd3664ee696c6a894b81dd0b3e6') in 0.078360 seconds 
========================================================================
Received Import Request.
  Time since last request: 0.000360 seconds.
  path: Assets/Tilemap/Floor/Tile (16).asset
  artifactKey: Guid(71356cee8c7566840ba5c379ad3e7d0e) Importer(815301076,1909f56bfc062723c751e8b465ee728b)
Start importing Assets/Tilemap/Floor/Tile (16).asset using Guid(71356cee8c7566840ba5c379ad3e7d0e) Importer(815301076,1909f56bfc062723c751e8b465ee728b)  -> (artifact id: '34fc2c410743fc75d0ac50de16a182a3') in 0.037653 seconds 
========================================================================
Received Import Request.
  Time since last request: 0.000414 seconds.
  path: Assets/Tilemap/Floor/Tile (3).asset
  artifactKey: Guid(fd0a8ad6b9eb53346860a2c6d95fee8d) Importer(815301076,1909f56bfc062723c751e8b465ee728b)
Start importing Assets/Tilemap/Floor/Tile (3).asset using Guid(fd0a8ad6b9eb53346860a2c6d95fee8d) Importer(815301076,1909f56bfc062723c751e8b465ee728b)  -> (artifact id: '6bbfe5d2a9b06cdae12837dc40188da4') in 0.028966 seconds 
========================================================================
Received Import Request.
  Time since last request: 0.000352 seconds.
  path: Assets/Tilemap/Floor/Tile (6).asset
  artifactKey: Guid(298250413cb0a4540b4a23e071df2a97) Importer(815301076,1909f56bfc062723c751e8b465ee728b)
Start importing Assets/Tilemap/Floor/Tile (6).asset using Guid(298250413cb0a4540b4a23e071df2a97) Importer(815301076,1909f56bfc062723c751e8b465ee728b)  -> (artifact id: 'e245fc395bd7cfdeeffd3ecc36d85a30') in 0.047932 seconds 
========================================================================
Received Import Request.
  Time since last request: 0.000336 seconds.
  path: Assets/Tilemap/Floor/Bone (4).asset
  artifactKey: Guid(ccdd856da6fbc364590a763130e018bd) Importer(815301076,1909f56bfc062723c751e8b465ee728b)
Start importing Assets/Tilemap/Floor/Bone (4).asset using Guid(ccdd856da6fbc364590a763130e018bd) Importer(815301076,1909f56bfc062723c751e8b465ee728b)  -> (artifact id: 'd0604c0ac48a674e909fffb133efd54c') in 0.040236 seconds 
========================================================================
Received Import Request.
  Time since last request: 0.000379 seconds.
  path: Assets/Tilemap/Floor/Tile (4).asset
  artifactKey: Guid(394218fd7234f2942a3757b926c04d7a) Importer(815301076,1909f56bfc062723c751e8b465ee728b)
Start importing Assets/Tilemap/Floor/Tile (4).asset using Guid(394218fd7234f2942a3757b926c04d7a) Importer(815301076,1909f56bfc062723c751e8b465ee728b)  -> (artifact id: '341c1ec1f181e56dc45a01b1b22d61ea') in 0.028453 seconds 
========================================================================
Received Import Request.
  Time since last request: 0.000452 seconds.
  path: Assets/Tilemap/Floor/Tile (14).asset
  artifactKey: Guid(9acfc9e56e2ced040a2f9a88ef3bca0a) Importer(815301076,1909f56bfc062723c751e8b465ee728b)
Start importing Assets/Tilemap/Floor/Tile (14).asset using Guid(9acfc9e56e2ced040a2f9a88ef3bca0a) Importer(815301076,1909f56bfc062723c751e8b465ee728b)  -> (artifact id: 'f817593115eeb5bb1f983fe532094018') in 0.025702 seconds 
========================================================================
Received Import Request.
  Time since last request: 0.000318 seconds.
  path: Assets/Tilemap/Floor/Bone (3).asset
  artifactKey: Guid(c7f7982abfbb6ba4998130f75347dcb7) Importer(815301076,1909f56bfc062723c751e8b465ee728b)
Start importing Assets/Tilemap/Floor/Bone (3).asset using Guid(c7f7982abfbb6ba4998130f75347dcb7) Importer(815301076,1909f56bfc062723c751e8b465ee728b)  -> (artifact id: '7252972324c03c056c66947531497c15') in 0.064095 seconds 
========================================================================
Received Import Request.
  Time since last request: 0.000349 seconds.
  path: Assets/Tilemap/Floor/Bone (2).asset
  artifactKey: Guid(c5336a303b8c8b14f87e82719addd8a9) Importer(815301076,1909f56bfc062723c751e8b465ee728b)
Start importing Assets/Tilemap/Floor/Bone (2).asset using Guid(c5336a303b8c8b14f87e82719addd8a9) Importer(815301076,1909f56bfc062723c751e8b465ee728b)  -> (artifact id: '0036105fc15c01f1ba319f04129777fb') in 0.025771 seconds 
========================================================================
Received Import Request.
  Time since last request: 0.000461 seconds.
  path: Assets/Tilemap/Floor/Tile (9).asset
  artifactKey: Guid(62b9f9e6229b84a48bcea53c0914d28a) Importer(815301076,1909f56bfc062723c751e8b465ee728b)
Start importing Assets/Tilemap/Floor/Tile (9).asset using Guid(62b9f9e6229b84a48bcea53c0914d28a) Importer(815301076,1909f56bfc062723c751e8b465ee728b)  -> (artifact id: '602d28f40477d9c56b204311db528851') in 0.031382 seconds 
========================================================================
Received Import Request.
  Time since last request: 0.000422 seconds.
  path: Assets/Tilemap/Floor/Tile (13).asset
  artifactKey: Guid(f0df83b94c2bb734797e712dab816f8b) Importer(815301076,1909f56bfc062723c751e8b465ee728b)
Start importing Assets/Tilemap/Floor/Tile (13).asset using Guid(f0df83b94c2bb734797e712dab816f8b) Importer(815301076,1909f56bfc062723c751e8b465ee728b)  -> (artifact id: '8d15c9bc5d67ac282b10b7f5a927262b') in 0.025319 seconds 
========================================================================
Received Import Request.
  Time since last request: 0.000307 seconds.
  path: Assets/Tilemap/Floor/Tile (7).asset
  artifactKey: Guid(5ba5ac531d676ac4283c42fa6bb8c35f) Importer(815301076,1909f56bfc062723c751e8b465ee728b)
Start importing Assets/Tilemap/Floor/Tile (7).asset using Guid(5ba5ac531d676ac4283c42fa6bb8c35f) Importer(815301076,1909f56bfc062723c751e8b465ee728b)  -> (artifact id: 'e700b570a800b2c8ced472eb84cb0d7e') in 0.024714 seconds 
========================================================================
Received Import Request.
  Time since last request: 0.000342 seconds.
  path: Assets/Tilemap/Floor/Tile (12).asset
  artifactKey: Guid(7f77465e9762e0143ace41e94b629440) Importer(815301076,1909f56bfc062723c751e8b465ee728b)
Start importing Assets/Tilemap/Floor/Tile (12).asset using Guid(7f77465e9762e0143ace41e94b629440) Importer(815301076,1909f56bfc062723c751e8b465ee728b)  -> (artifact id: 'd5fffd851a7fccbb49361a1cc8440781') in 0.024669 seconds 
========================================================================
Received Import Request.
  Time since last request: 0.000289 seconds.
  path: Assets/Tilemap/Floor/Tile (8).asset
  artifactKey: Guid(7154e6f0b87a58d4e99e28ed3eee782a) Importer(815301076,1909f56bfc062723c751e8b465ee728b)
Start importing Assets/Tilemap/Floor/Tile (8).asset using Guid(7154e6f0b87a58d4e99e28ed3eee782a) Importer(815301076,1909f56bfc062723c751e8b465ee728b)  -> (artifact id: '70a072169f4e120f434868d2d00f9929') in 0.020365 seconds 
========================================================================
Received Import Request.
  Time since last request: 0.000462 seconds.
  path: Assets/Tilemap/Floor/Tile (11).asset
  artifactKey: Guid(e4e566541e41b2e498c033d54e800406) Importer(815301076,1909f56bfc062723c751e8b465ee728b)
Start importing Assets/Tilemap/Floor/Tile (11).asset using Guid(e4e566541e41b2e498c033d54e800406) Importer(815301076,1909f56bfc062723c751e8b465ee728b)  -> (artifact id: 'aac4282ebc66e0fdf38e2161d407fc61') in 0.022637 seconds 
========================================================================
Received Import Request.
  Time since last request: 0.000325 seconds.
  path: Assets/Tilemap/Floor/Tile (1).asset
  artifactKey: Guid(71d5579c23ccbbf4581ba7ba3f57de30) Importer(815301076,1909f56bfc062723c751e8b465ee728b)
Start importing Assets/Tilemap/Floor/Tile (1).asset using Guid(71d5579c23ccbbf4581ba7ba3f57de30) Importer(815301076,1909f56bfc062723c751e8b465ee728b)  -> (artifact id: '61683bec1c8db6cdf88b029b02fb1f30') in 0.020334 seconds 
========================================================================
Received Import Request.
  Time since last request: 0.000371 seconds.
  path: Assets/Tilemap/Floor/Tile (15).asset
  artifactKey: Guid(d15f964f5c17c6647a55198c65e6957d) Importer(815301076,1909f56bfc062723c751e8b465ee728b)
Start importing Assets/Tilemap/Floor/Tile (15).asset using Guid(d15f964f5c17c6647a55198c65e6957d) Importer(815301076,1909f56bfc062723c751e8b465ee728b)  -> (artifact id: '75f03af6beb25ac671bbce8a2e9b382c') in 0.038573 seconds 
========================================================================
Received Import Request.
  Time since last request: 0.000288 seconds.
  path: Assets/Tilemap/Floor/Tile (5).asset
  artifactKey: Guid(0551cbaa68f5a1641a04e6c86240d3a7) Importer(815301076,1909f56bfc062723c751e8b465ee728b)
Start importing Assets/Tilemap/Floor/Tile (5).asset using Guid(0551cbaa68f5a1641a04e6c86240d3a7) Importer(815301076,1909f56bfc062723c751e8b465ee728b)  -> (artifact id: '60f50642ec9c0a49e238ec52257380b2') in 0.025516 seconds 
========================================================================
Received Import Request.
  Time since last request: 0.000351 seconds.
  path: Assets/Tilemap/Floor/Tile (2).asset
  artifactKey: Guid(ebe3f6e2b0f75aa4591f0512807a4594) Importer(815301076,1909f56bfc062723c751e8b465ee728b)
Start importing Assets/Tilemap/Floor/Tile (2).asset using Guid(ebe3f6e2b0f75aa4591f0512807a4594) Importer(815301076,1909f56bfc062723c751e8b465ee728b)  -> (artifact id: 'e50aa3e84f3b0668dce1f1f1dbdd151a') in 0.024028 seconds 
========================================================================
Received Import Request.
  Time since last request: 0.000367 seconds.
  path: Assets/Tilemap/Floor/Tile (10).asset
  artifactKey: Guid(c3a3e0f8d3c742743a405d56d6805dfe) Importer(815301076,1909f56bfc062723c751e8b465ee728b)
Start importing Assets/Tilemap/Floor/Tile (10).asset using Guid(c3a3e0f8d3c742743a405d56d6805dfe) Importer(815301076,1909f56bfc062723c751e8b465ee728b)  -> (artifact id: 'a33789975db809cb75382014cf3b90b6') in 0.026606 seconds 
========================================================================
Received Import Request.
  Time since last request: 205.508118 seconds.
  path: Assets/Scripts/BreakingFloor.cs
  artifactKey: Guid(4f56d76122b6eeb4caee635a00b6cfe1) Importer(815301076,1909f56bfc062723c751e8b465ee728b)
Start importing Assets/Scripts/BreakingFloor.cs using Guid(4f56d76122b6eeb4caee635a00b6cfe1) Importer(815301076,1909f56bfc062723c751e8b465ee728b)  -> (artifact id: '9c100df080802615e701bd9032628a8f') in 0.047820 seconds 
========================================================================
Received Prepare
Registering precompiled user dll's ...
Registered in 0.017645 seconds.
Begin MonoManager ReloadAssembly
Native extension for WindowsStandalone target not found
Refreshing native plugins compatible for Editor in 1.37 ms, found 4 plugins.
Preloading 0 native plugins for Editor in 0.00 ms.
Mono: successfully reloaded assembly
- Completed reload, in  2.254 seconds
Platform modules already initialized, skipping
Refreshing native plugins compatible for Editor in 1.59 ms, found 4 plugins.
Preloading 0 native plugins for Editor in 0.00 ms.
Unloading 3652 Unused Serialized files (Serialized files now loaded: 0)
System memory in use before: 142.1 MB.
System memory in use after: 142.2 MB.

Unloading 27 unused Assets to reduce memory usage. Loaded Objects now: 4262.
Total: 5.391600 ms (FindLiveObjects: 0.636100 ms CreateObjectMapping: 0.269100 ms MarkObjects: 4.267000 ms  DeleteObjects: 0.217800 ms)

========================================================================
Received Import Request.
  Time since last request: 92.704767 seconds.
  path: Assets/Prefab/BreakingFloor.prefab
  artifactKey: Guid(0959ce86dd446b24f9a6ff95722ec962) Importer(815301076,1909f56bfc062723c751e8b465ee728b)
Start importing Assets/Prefab/BreakingFloor.prefab using Guid(0959ce86dd446b24f9a6ff95722ec962) Importer(815301076,1909f56bfc062723c751e8b465ee728b)  -> (artifact id: 'f2d371944696c3721a2b1c05afd257e0') in 0.108953 seconds 
========================================================================
Received Import Request.
  Time since last request: 278.480143 seconds.
  path: Assets/Prefab/BreakingFloor.prefab
  artifactKey: Guid(0959ce86dd446b24f9a6ff95722ec962) Importer(815301076,1909f56bfc062723c751e8b465ee728b)
Start importing Assets/Prefab/BreakingFloor.prefab using Guid(0959ce86dd446b24f9a6ff95722ec962) Importer(815301076,1909f56bfc062723c751e8b465ee728b)  -> (artifact id: '1238501bb780aa5299fa8d2ea2e69a27') in 0.040632 seconds 
========================================================================
Received Import Request.
  Time since last request: 14.921681 seconds.
  path: Assets/Prefab/BreakingFloor.prefab
  artifactKey: Guid(0959ce86dd446b24f9a6ff95722ec962) Importer(815301076,1909f56bfc062723c751e8b465ee728b)
Start importing Assets/Prefab/BreakingFloor.prefab using Guid(0959ce86dd446b24f9a6ff95722ec962) Importer(815301076,1909f56bfc062723c751e8b465ee728b)  -> (artifact id: '6a99143b9e95c9254b23fafd11908b1c') in 0.039102 seconds 
========================================================================
Received Import Request.
  Time since last request: 3.386939 seconds.
  path: Assets/Prefab/BreakingFloor.prefab
  artifactKey: Guid(0959ce86dd446b24f9a6ff95722ec962) Importer(815301076,1909f56bfc062723c751e8b465ee728b)
Start importing Assets/Prefab/BreakingFloor.prefab using Guid(0959ce86dd446b24f9a6ff95722ec962) Importer(815301076,1909f56bfc062723c751e8b465ee728b)  -> (artifact id: '9b8528aa1b4fac445cbc9e066503eca1') in 0.021861 seconds 
========================================================================
Received Import Request.
  Time since last request: 5.558198 seconds.
  path: Assets/Prefab/BreakingFloor.prefab
  artifactKey: Guid(0959ce86dd446b24f9a6ff95722ec962) Importer(815301076,1909f56bfc062723c751e8b465ee728b)
Start importing Assets/Prefab/BreakingFloor.prefab using Guid(0959ce86dd446b24f9a6ff95722ec962) Importer(815301076,1909f56bfc062723c751e8b465ee728b)  -> (artifact id: '012acabdfca0a1645cd74c315f8db79e') in 0.023794 seconds 
========================================================================
Received Import Request.
  Time since last request: 5.205935 seconds.
  path: Assets/Prefab/BreakingFloor.prefab
  artifactKey: Guid(0959ce86dd446b24f9a6ff95722ec962) Importer(815301076,1909f56bfc062723c751e8b465ee728b)
Start importing Assets/Prefab/BreakingFloor.prefab using Guid(0959ce86dd446b24f9a6ff95722ec962) Importer(815301076,1909f56bfc062723c751e8b465ee728b)  -> (artifact id: '859e65b280f7e0eced06584bb4907bf3') in 0.021185 seconds 
========================================================================
Received Import Request.
  Time since last request: 1.801591 seconds.
  path: Assets/Prefab/BreakingFloor.prefab
  artifactKey: Guid(0959ce86dd446b24f9a6ff95722ec962) Importer(815301076,1909f56bfc062723c751e8b465ee728b)
Start importing Assets/Prefab/BreakingFloor.prefab using Guid(0959ce86dd446b24f9a6ff95722ec962) Importer(815301076,1909f56bfc062723c751e8b465ee728b)  -> (artifact id: '5577dd501ebe715b4da5df2281749149') in 0.016619 seconds 
========================================================================
Received Import Request.
  Time since last request: 1.826739 seconds.
  path: Assets/Prefab/BreakingFloor.prefab
  artifactKey: Guid(0959ce86dd446b24f9a6ff95722ec962) Importer(815301076,1909f56bfc062723c751e8b465ee728b)
Start importing Assets/Prefab/BreakingFloor.prefab using Guid(0959ce86dd446b24f9a6ff95722ec962) Importer(815301076,1909f56bfc062723c751e8b465ee728b)  -> (artifact id: '86b30d1ac054aac543edb661317725ca') in 0.017488 seconds 
========================================================================
Received Import Request.
  Time since last request: 1.846892 seconds.
  path: Assets/Prefab/BreakingFloor.prefab
  artifactKey: Guid(0959ce86dd446b24f9a6ff95722ec962) Importer(815301076,1909f56bfc062723c751e8b465ee728b)
Start importing Assets/Prefab/BreakingFloor.prefab using Guid(0959ce86dd446b24f9a6ff95722ec962) Importer(815301076,1909f56bfc062723c751e8b465ee728b)  -> (artifact id: '8a3913c7ee4e685273aa8f05bed5aca2') in 0.022679 seconds 
========================================================================
Received Import Request.
  Time since last request: 1.360895 seconds.
  path: Assets/Prefab/BreakingFloor.prefab
  artifactKey: Guid(0959ce86dd446b24f9a6ff95722ec962) Importer(815301076,1909f56bfc062723c751e8b465ee728b)
Start importing Assets/Prefab/BreakingFloor.prefab using Guid(0959ce86dd446b24f9a6ff95722ec962) Importer(815301076,1909f56bfc062723c751e8b465ee728b)  -> (artifact id: '152e9428034e66e99e334d3799108ebc') in 0.022804 seconds 
========================================================================
Received Import Request.
  Time since last request: 4.864042 seconds.
  path: Assets/Prefab/BreakingFloor.prefab
  artifactKey: Guid(0959ce86dd446b24f9a6ff95722ec962) Importer(815301076,1909f56bfc062723c751e8b465ee728b)
Start importing Assets/Prefab/BreakingFloor.prefab using Guid(0959ce86dd446b24f9a6ff95722ec962) Importer(815301076,1909f56bfc062723c751e8b465ee728b)  -> (artifact id: 'f2f470ba59a87b83b4412a9f8273699a') in 0.022129 seconds 
========================================================================
Received Prepare
Registering precompiled user dll's ...
Registered in 0.017606 seconds.
Begin MonoManager ReloadAssembly
Native extension for WindowsStandalone target not found
Refreshing native plugins compatible for Editor in 1.35 ms, found 4 plugins.
Preloading 0 native plugins for Editor in 0.00 ms.
Mono: successfully reloaded assembly
- Completed reload, in  2.291 seconds
Platform modules already initialized, skipping
Refreshing native plugins compatible for Editor in 1.40 ms, found 4 plugins.
Preloading 0 native plugins for Editor in 0.00 ms.
Unloading 3652 Unused Serialized files (Serialized files now loaded: 0)
System memory in use before: 142.1 MB.
System memory in use after: 142.2 MB.

Unloading 27 unused Assets to reduce memory usage. Loaded Objects now: 4267.
Total: 4.678000 ms (FindLiveObjects: 0.598100 ms CreateObjectMapping: 0.262900 ms MarkObjects: 3.616200 ms  DeleteObjects: 0.198900 ms)

========================================================================
Received Import Request.
  Time since last request: 63.111050 seconds.
  path: Assets/Prefab/BreakingFloor.prefab
  artifactKey: Guid(0959ce86dd446b24f9a6ff95722ec962) Importer(815301076,1909f56bfc062723c751e8b465ee728b)
Start importing Assets/Prefab/BreakingFloor.prefab using Guid(0959ce86dd446b24f9a6ff95722ec962) Importer(815301076,1909f56bfc062723c751e8b465ee728b)  -> (artifact id: 'ba9388b81f3a2d047b5da3d30eb34446') in 0.141078 seconds 
========================================================================
Received Prepare
Registering precompiled user dll's ...
Registered in 0.013923 seconds.
Begin MonoManager ReloadAssembly
Native extension for WindowsStandalone target not found
Refreshing native plugins compatible for Editor in 1.37 ms, found 4 plugins.
Preloading 0 native plugins for Editor in 0.00 ms.
Mono: successfully reloaded assembly
- Completed reload, in  2.266 seconds
Platform modules already initialized, skipping
Refreshing native plugins compatible for Editor in 1.43 ms, found 4 plugins.
Preloading 0 native plugins for Editor in 0.00 ms.
Unloading 3652 Unused Serialized files (Serialized files now loaded: 0)
System memory in use before: 142.1 MB.
System memory in use after: 142.2 MB.

Unloading 27 unused Assets to reduce memory usage. Loaded Objects now: 4272.
Total: 4.804900 ms (FindLiveObjects: 0.622600 ms CreateObjectMapping: 0.245800 ms MarkObjects: 3.757800 ms  DeleteObjects: 0.177100 ms)

========================================================================
Received Prepare
Registering precompiled user dll's ...
Registered in 0.013815 seconds.
Begin MonoManager ReloadAssembly
Native extension for WindowsStandalone target not found
Refreshing native plugins compatible for Editor in 1.54 ms, found 4 plugins.
Preloading 0 native plugins for Editor in 0.00 ms.
Mono: successfully reloaded assembly
- Completed reload, in  2.160 seconds
Platform modules already initialized, skipping
Refreshing native plugins compatible for Editor in 1.45 ms, found 4 plugins.
Preloading 0 native plugins for Editor in 0.00 ms.
Unloading 3652 Unused Serialized files (Serialized files now loaded: 0)
System memory in use before: 142.1 MB.
System memory in use after: 142.2 MB.

Unloading 27 unused Assets to reduce memory usage. Loaded Objects now: 4276.
Total: 4.466000 ms (FindLiveObjects: 0.585700 ms CreateObjectMapping: 0.227200 ms MarkObjects: 3.468500 ms  DeleteObjects: 0.183000 ms)

========================================================================
Received Prepare
Registering precompiled user dll's ...
Registered in 0.013963 seconds.
Begin MonoManager ReloadAssembly
Native extension for WindowsStandalone target not found
Refreshing native plugins compatible for Editor in 1.41 ms, found 4 plugins.
Preloading 0 native plugins for Editor in 0.00 ms.
Mono: successfully reloaded assembly
- Completed reload, in  2.250 seconds
Platform modules already initialized, skipping
Refreshing native plugins compatible for Editor in 1.49 ms, found 4 plugins.
Preloading 0 native plugins for Editor in 0.00 ms.
Unloading 3652 Unused Serialized files (Serialized files now loaded: 0)
System memory in use before: 142.1 MB.
System memory in use after: 142.2 MB.

Unloading 27 unused Assets to reduce memory usage. Loaded Objects now: 4280.
Total: 4.464000 ms (FindLiveObjects: 0.616200 ms CreateObjectMapping: 0.233600 ms MarkObjects: 3.418700 ms  DeleteObjects: 0.193700 ms)

========================================================================
Received Prepare
Registering precompiled user dll's ...
Registered in 0.018659 seconds.
Begin MonoManager ReloadAssembly
Native extension for WindowsStandalone target not found
Refreshing native plugins compatible for Editor in 1.27 ms, found 4 plugins.
Preloading 0 native plugins for Editor in 0.00 ms.
Mono: successfully reloaded assembly
- Completed reload, in  2.095 seconds
Platform modules already initialized, skipping
Refreshing native plugins compatible for Editor in 1.38 ms, found 4 plugins.
Preloading 0 native plugins for Editor in 0.00 ms.
Unloading 3652 Unused Serialized files (Serialized files now loaded: 0)
System memory in use before: 142.1 MB.
System memory in use after: 142.2 MB.

Unloading 27 unused Assets to reduce memory usage. Loaded Objects now: 4284.
Total: 6.274500 ms (FindLiveObjects: 0.812500 ms CreateObjectMapping: 0.494800 ms MarkObjects: 4.708000 ms  DeleteObjects: 0.257200 ms)

========================================================================
Received Import Request.
  Time since last request: 348.189680 seconds.
  path: ProjectSettings/TagManager.asset
  artifactKey: Guid(00000000000000003000000000000000) Importer(815301076,1909f56bfc062723c751e8b465ee728b)
Start importing ProjectSettings/TagManager.asset using Guid(00000000000000003000000000000000) Importer(815301076,1909f56bfc062723c751e8b465ee728b)  -> (artifact id: '112cd25bda5d426b6a196d2696a6e5b3') in 0.031585 seconds 
========================================================================
Received Import Request.
  Time since last request: 76.492657 seconds.
  path: Assets/Prefab/Zombie.prefab
  artifactKey: Guid(973e2c69315d64942a5d502206ea2b4e) Importer(815301076,1909f56bfc062723c751e8b465ee728b)
Start importing Assets/Prefab/Zombie.prefab using Guid(973e2c69315d64942a5d502206ea2b4e) Importer(815301076,1909f56bfc062723c751e8b465ee728b)  -> (artifact id: '2c3b9df8777c0e8b1aebd52c85714b49') in 0.159577 seconds 
========================================================================
Received Prepare
Registering precompiled user dll's ...
Registered in 0.017187 seconds.
Begin MonoManager ReloadAssembly
Native extension for WindowsStandalone target not found
Refreshing native plugins compatible for Editor in 1.47 ms, found 4 plugins.
Preloading 0 native plugins for Editor in 0.00 ms.
Mono: successfully reloaded assembly
- Completed reload, in  2.221 seconds
Platform modules already initialized, skipping
Refreshing native plugins compatible for Editor in 1.58 ms, found 4 plugins.
Preloading 0 native plugins for Editor in 0.00 ms.
Unloading 3652 Unused Serialized files (Serialized files now loaded: 0)
System memory in use before: 142.4 MB.
System memory in use after: 142.5 MB.

Unloading 29 unused Assets to reduce memory usage. Loaded Objects now: 4289.
Total: 4.795000 ms (FindLiveObjects: 0.596700 ms CreateObjectMapping: 0.291000 ms MarkObjects: 3.723300 ms  DeleteObjects: 0.182500 ms)

========================================================================
Received Prepare
Registering precompiled user dll's ...
Registered in 0.020388 seconds.
Begin MonoManager ReloadAssembly
Native extension for WindowsStandalone target not found
Refreshing native plugins compatible for Editor in 1.32 ms, found 4 plugins.
Preloading 0 native plugins for Editor in 0.00 ms.
Mono: successfully reloaded assembly
- Completed reload, in  2.254 seconds
Platform modules already initialized, skipping
Refreshing native plugins compatible for Editor in 1.44 ms, found 4 plugins.
Preloading 0 native plugins for Editor in 0.00 ms.
Unloading 3652 Unused Serialized files (Serialized files now loaded: 0)
System memory in use before: 142.3 MB.
System memory in use after: 142.4 MB.

Unloading 27 unused Assets to reduce memory usage. Loaded Objects now: 4293.
Total: 4.653000 ms (FindLiveObjects: 0.617700 ms CreateObjectMapping: 0.247500 ms MarkObjects: 3.609700 ms  DeleteObjects: 0.176600 ms)

========================================================================
Received Import Request.
  Time since last request: 229.851364 seconds.
  path: Assets/Prefab/BreakingFloor.prefab
  artifactKey: Guid(0959ce86dd446b24f9a6ff95722ec962) Importer(815301076,1909f56bfc062723c751e8b465ee728b)
Start importing Assets/Prefab/BreakingFloor.prefab using Guid(0959ce86dd446b24f9a6ff95722ec962) Importer(815301076,1909f56bfc062723c751e8b465ee728b)  -> (artifact id: '42ad768ccdd9ece9b916cb83093b92f2') in 0.085686 seconds 
========================================================================
Received Import Request.
  Time since last request: 141.623053 seconds.
  path: Assets/JMO Assets/Cartoon FX/CFX4 Prefabs/Misc/CFX4 Drill Air Hit (NO COLLISION).prefab
  artifactKey: Guid(f01c1eba69de19e44b04d8d651aaac37) Importer(815301076,1909f56bfc062723c751e8b465ee728b)
Start importing Assets/JMO Assets/Cartoon FX/CFX4 Prefabs/Misc/CFX4 Drill Air Hit (NO COLLISION).prefab using Guid(f01c1eba69de19e44b04d8d651aaac37) Importer(815301076,1909f56bfc062723c751e8b465ee728b)  -> (artifact id: '500958083b59801b1414029f91253e95') in 0.036916 seconds 
========================================================================
Received Import Request.
  Time since last request: 0.000387 seconds.
  path: Assets/JMO Assets/Cartoon FX/CFX4 Prefabs/Misc/CFX4 Hit B (Orange).prefab
  artifactKey: Guid(e9391f622091e1449bdef4ef15af4948) Importer(815301076,1909f56bfc062723c751e8b465ee728b)
Start importing Assets/JMO Assets/Cartoon FX/CFX4 Prefabs/Misc/CFX4 Hit B (Orange).prefab using Guid(e9391f622091e1449bdef4ef15af4948) Importer(815301076,1909f56bfc062723c751e8b465ee728b)  -> (artifact id: '353de41638e0f42326b8a0e8911022d3') in 0.028583 seconds 
========================================================================
Received Import Request.
  Time since last request: 0.000349 seconds.
  path: Assets/JMO Assets/Cartoon FX/CFX4 Prefabs/Misc/CFX4 Hit Paint C (Cyan).prefab
  artifactKey: Guid(f2dba9e16cd347f44a395b8204544ee5) Importer(815301076,1909f56bfc062723c751e8b465ee728b)
Start importing Assets/JMO Assets/Cartoon FX/CFX4 Prefabs/Misc/CFX4 Hit Paint C (Cyan).prefab using Guid(f2dba9e16cd347f44a395b8204544ee5) Importer(815301076,1909f56bfc062723c751e8b465ee728b)  -> (artifact id: '28532434d1cc68be7c54a383a9675f12') in 0.018979 seconds 
========================================================================
Received Import Request.
  Time since last request: 0.000490 seconds.
  path: Assets/JMO Assets/Cartoon FX/CFX4 Prefabs/Misc/CFX4 Hit Pow.prefab
  artifactKey: Guid(fb7b0526ade434043b350a180d741cf3) Importer(815301076,1909f56bfc062723c751e8b465ee728b)
Start importing Assets/JMO Assets/Cartoon FX/CFX4 Prefabs/Misc/CFX4 Hit Pow.prefab using Guid(fb7b0526ade434043b350a180d741cf3) Importer(815301076,1909f56bfc062723c751e8b465ee728b)  -> (artifact id: 'a52fa5647bade6da5aceca25d24c3e21') in 0.021483 seconds 
========================================================================
Received Import Request.
  Time since last request: 2.392899 seconds.
  path: Assets/JMO Assets/Cartoon FX/Materials/Misc/CFX4_GroundDebris AB.mat
  artifactKey: Guid(5e70183c9ec77be4895f6316c0695983) Importer(815301076,1909f56bfc062723c751e8b465ee728b)
Start importing Assets/JMO Assets/Cartoon FX/Materials/Misc/CFX4_GroundDebris AB.mat using Guid(5e70183c9ec77be4895f6316c0695983) Importer(815301076,1909f56bfc062723c751e8b465ee728b)  -> (artifact id: 'e288e3fa46776f8baf94bf15411ac5ae') in 0.154388 seconds 
========================================================================
Received Import Request.
  Time since last request: 7.378429 seconds.
  path: Assets/Scenes/Level1.unity
  artifactKey: Guid(2cda990e2423bbf4892e6590ba056729) Importer(815301076,1909f56bfc062723c751e8b465ee728b)
Start importing Assets/Scenes/Level1.unity using Guid(2cda990e2423bbf4892e6590ba056729) Importer(815301076,1909f56bfc062723c751e8b465ee728b)  -> (artifact id: '10808d7dad1ae871288ccef1574eb00a') in 0.028527 seconds 
========================================================================
Received Prepare
Registering precompiled user dll's ...
Registered in 0.014155 seconds.
Begin MonoManager ReloadAssembly
Native extension for WindowsStandalone target not found
Refreshing native plugins compatible for Editor in 1.39 ms, found 4 plugins.
Preloading 0 native plugins for Editor in 0.00 ms.
Mono: successfully reloaded assembly
- Completed reload, in  2.311 seconds
Platform modules already initialized, skipping
Refreshing native plugins compatible for Editor in 1.62 ms, found 4 plugins.
Preloading 0 native plugins for Editor in 0.00 ms.
Unloading 3652 Unused Serialized files (Serialized files now loaded: 0)
System memory in use before: 142.5 MB.
System memory in use after: 142.7 MB.

Unloading 27 unused Assets to reduce memory usage. Loaded Objects now: 4331.
Total: 4.431100 ms (FindLiveObjects: 0.603200 ms CreateObjectMapping: 0.220700 ms MarkObjects: 3.422600 ms  DeleteObjects: 0.183200 ms)

========================================================================
Received Prepare
Registering precompiled user dll's ...
Registered in 0.015154 seconds.
Begin MonoManager ReloadAssembly
Native extension for WindowsStandalone target not found
Refreshing native plugins compatible for Editor in 1.33 ms, found 4 plugins.
Preloading 0 native plugins for Editor in 0.00 ms.
Mono: successfully reloaded assembly
- Completed reload, in  2.204 seconds
Platform modules already initialized, skipping
Refreshing native plugins compatible for Editor in 1.54 ms, found 4 plugins.
Preloading 0 native plugins for Editor in 0.00 ms.
Unloading 3652 Unused Serialized files (Serialized files now loaded: 0)
System memory in use before: 142.5 MB.
System memory in use after: 142.7 MB.

Unloading 27 unused Assets to reduce memory usage. Loaded Objects now: 4335.
Total: 5.030400 ms (FindLiveObjects: 0.878200 ms CreateObjectMapping: 0.275000 ms MarkObjects: 3.690500 ms  DeleteObjects: 0.185000 ms)

========================================================================
Received Prepare
Registering precompiled user dll's ...
Registered in 0.013588 seconds.
Begin MonoManager ReloadAssembly
Native extension for WindowsStandalone target not found
Refreshing native plugins compatible for Editor in 2.29 ms, found 4 plugins.
Preloading 0 native plugins for Editor in 0.00 ms.
Mono: successfully reloaded assembly
- Completed reload, in  2.179 seconds
Platform modules already initialized, skipping
Refreshing native plugins compatible for Editor in 1.37 ms, found 4 plugins.
Preloading 0 native plugins for Editor in 0.00 ms.
Unloading 3652 Unused Serialized files (Serialized files now loaded: 0)
System memory in use before: 142.6 MB.
System memory in use after: 142.7 MB.

Unloading 27 unused Assets to reduce memory usage. Loaded Objects now: 4339.
Total: 4.645100 ms (FindLiveObjects: 0.556700 ms CreateObjectMapping: 0.233100 ms MarkObjects: 3.656800 ms  DeleteObjects: 0.197200 ms)

========================================================================
Received Prepare
Registering precompiled user dll's ...
Registered in 0.014568 seconds.
Begin MonoManager ReloadAssembly
Native extension for WindowsStandalone target not found
Refreshing native plugins compatible for Editor in 1.36 ms, found 4 plugins.
Preloading 0 native plugins for Editor in 0.00 ms.
Mono: successfully reloaded assembly
- Completed reload, in  2.135 seconds
Platform modules already initialized, skipping
Refreshing native plugins compatible for Editor in 2.10 ms, found 4 plugins.
Preloading 0 native plugins for Editor in 0.00 ms.
Unloading 3652 Unused Serialized files (Serialized files now loaded: 0)
System memory in use before: 142.6 MB.
System memory in use after: 142.7 MB.

Unloading 27 unused Assets to reduce memory usage. Loaded Objects now: 4343.
Total: 4.454700 ms (FindLiveObjects: 0.555400 ms CreateObjectMapping: 0.221100 ms MarkObjects: 3.494800 ms  DeleteObjects: 0.181900 ms)

========================================================================
Received Prepare
Registering precompiled user dll's ...
Registered in 0.014907 seconds.
Begin MonoManager ReloadAssembly
Native extension for WindowsStandalone target not found
Refreshing native plugins compatible for Editor in 1.38 ms, found 4 plugins.
Preloading 0 native plugins for Editor in 0.00 ms.
Mono: successfully reloaded assembly
- Completed reload, in  2.247 seconds
Platform modules already initialized, skipping
Refreshing native plugins compatible for Editor in 1.70 ms, found 4 plugins.
Preloading 0 native plugins for Editor in 0.00 ms.
Unloading 3652 Unused Serialized files (Serialized files now loaded: 0)
System memory in use before: 142.6 MB.
System memory in use after: 142.7 MB.

Unloading 27 unused Assets to reduce memory usage. Loaded Objects now: 4347.
Total: 4.280000 ms (FindLiveObjects: 0.567400 ms CreateObjectMapping: 0.231900 ms MarkObjects: 3.310900 ms  DeleteObjects: 0.168200 ms)

========================================================================
Received Prepare
Registering precompiled user dll's ...
Registered in 0.013632 seconds.
Begin MonoManager ReloadAssembly
Native extension for WindowsStandalone target not found
Refreshing native plugins compatible for Editor in 1.41 ms, found 4 plugins.
Preloading 0 native plugins for Editor in 0.00 ms.
Mono: successfully reloaded assembly
- Completed reload, in  2.193 seconds
Platform modules already initialized, skipping
Refreshing native plugins compatible for Editor in 1.47 ms, found 4 plugins.
Preloading 0 native plugins for Editor in 0.00 ms.
Unloading 3652 Unused Serialized files (Serialized files now loaded: 0)
System memory in use before: 142.6 MB.
System memory in use after: 142.7 MB.

Unloading 27 unused Assets to reduce memory usage. Loaded Objects now: 4351.
Total: 5.427100 ms (FindLiveObjects: 0.629200 ms CreateObjectMapping: 0.224800 ms MarkObjects: 4.362200 ms  DeleteObjects: 0.209300 ms)

========================================================================
Received Prepare
Registering precompiled user dll's ...
Registered in 0.020783 seconds.
Begin MonoManager ReloadAssembly
Native extension for WindowsStandalone target not found
Refreshing native plugins compatible for Editor in 1.33 ms, found 4 plugins.
Preloading 0 native plugins for Editor in 0.00 ms.
Mono: successfully reloaded assembly
- Completed reload, in  2.256 seconds
Platform modules already initialized, skipping
Refreshing native plugins compatible for Editor in 1.94 ms, found 4 plugins.
Preloading 0 native plugins for Editor in 0.00 ms.
Unloading 3652 Unused Serialized files (Serialized files now loaded: 0)
System memory in use before: 142.6 MB.
System memory in use after: 142.7 MB.

Unloading 27 unused Assets to reduce memory usage. Loaded Objects now: 4355.
Total: 5.742400 ms (FindLiveObjects: 0.823100 ms CreateObjectMapping: 0.303100 ms MarkObjects: 4.403700 ms  DeleteObjects: 0.210500 ms)

========================================================================
Received Prepare
Registering precompiled user dll's ...
Registered in 0.014084 seconds.
Begin MonoManager ReloadAssembly
Native extension for WindowsStandalone target not found
Refreshing native plugins compatible for Editor in 2.05 ms, found 4 plugins.
Preloading 0 native plugins for Editor in 0.00 ms.
Mono: successfully reloaded assembly
- Completed reload, in  2.157 seconds
Platform modules already initialized, skipping
Refreshing native plugins compatible for Editor in 2.01 ms, found 4 plugins.
Preloading 0 native plugins for Editor in 0.00 ms.
Unloading 3652 Unused Serialized files (Serialized files now loaded: 0)
System memory in use before: 142.6 MB.
System memory in use after: 142.7 MB.

Unloading 27 unused Assets to reduce memory usage. Loaded Objects now: 4359.
Total: 5.214300 ms (FindLiveObjects: 0.633100 ms CreateObjectMapping: 0.227100 ms MarkObjects: 4.149500 ms  DeleteObjects: 0.202800 ms)

========================================================================
Received Prepare
Registering precompiled user dll's ...
Registered in 0.014001 seconds.
Begin MonoManager ReloadAssembly
Native extension for WindowsStandalone target not found
Refreshing native plugins compatible for Editor in 1.35 ms, found 4 plugins.
Preloading 0 native plugins for Editor in 0.00 ms.
Mono: successfully reloaded assembly
- Completed reload, in  2.096 seconds
Platform modules already initialized, skipping
Refreshing native plugins compatible for Editor in 1.37 ms, found 4 plugins.
Preloading 0 native plugins for Editor in 0.00 ms.
Unloading 3652 Unused Serialized files (Serialized files now loaded: 0)
System memory in use before: 142.6 MB.
System memory in use after: 142.7 MB.

Unloading 27 unused Assets to reduce memory usage. Loaded Objects now: 4363.
Total: 4.480700 ms (FindLiveObjects: 0.607400 ms CreateObjectMapping: 0.229500 ms MarkObjects: 3.470600 ms  DeleteObjects: 0.171600 ms)

========================================================================
Received Prepare
Registering precompiled user dll's ...
Registered in 0.014606 seconds.
Begin MonoManager ReloadAssembly
Native extension for WindowsStandalone target not found
Refreshing native plugins compatible for Editor in 1.37 ms, found 4 plugins.
Preloading 0 native plugins for Editor in 0.00 ms.
Mono: successfully reloaded assembly
- Completed reload, in  2.110 seconds
Platform modules already initialized, skipping
Refreshing native plugins compatible for Editor in 2.02 ms, found 4 plugins.
Preloading 0 native plugins for Editor in 0.00 ms.
Unloading 3652 Unused Serialized files (Serialized files now loaded: 0)
System memory in use before: 142.6 MB.
System memory in use after: 142.7 MB.

Unloading 27 unused Assets to reduce memory usage. Loaded Objects now: 4367.
Total: 4.662500 ms (FindLiveObjects: 0.568700 ms CreateObjectMapping: 0.225300 ms MarkObjects: 3.664400 ms  DeleteObjects: 0.202400 ms)

========================================================================
Received Prepare
Registering precompiled user dll's ...
Registered in 0.014652 seconds.
Begin MonoManager ReloadAssembly
Native extension for WindowsStandalone target not found
Refreshing native plugins compatible for Editor in 1.45 ms, found 4 plugins.
Preloading 0 native plugins for Editor in 0.00 ms.
Mono: successfully reloaded assembly
- Completed reload, in  2.174 seconds
Platform modules already initialized, skipping
Refreshing native plugins compatible for Editor in 1.37 ms, found 4 plugins.
Preloading 0 native plugins for Editor in 0.00 ms.
Unloading 3652 Unused Serialized files (Serialized files now loaded: 0)
System memory in use before: 142.6 MB.
System memory in use after: 142.7 MB.

Unloading 27 unused Assets to reduce memory usage. Loaded Objects now: 4371.
Total: 4.625300 ms (FindLiveObjects: 0.589900 ms CreateObjectMapping: 0.258400 ms MarkObjects: 3.573600 ms  DeleteObjects: 0.201500 ms)

========================================================================
Received Prepare
Registering precompiled user dll's ...
Registered in 0.014526 seconds.
Begin MonoManager ReloadAssembly
Native extension for WindowsStandalone target not found
Refreshing native plugins compatible for Editor in 1.35 ms, found 4 plugins.
Preloading 0 native plugins for Editor in 0.00 ms.
Mono: successfully reloaded assembly
- Completed reload, in  2.139 seconds
Platform modules already initialized, skipping
Refreshing native plugins compatible for Editor in 2.38 ms, found 4 plugins.
Preloading 0 native plugins for Editor in 0.00 ms.
Unloading 3652 Unused Serialized files (Serialized files now loaded: 0)
System memory in use before: 142.6 MB.
System memory in use after: 142.8 MB.

Unloading 27 unused Assets to reduce memory usage. Loaded Objects now: 4375.
Total: 5.723600 ms (FindLiveObjects: 0.659000 ms CreateObjectMapping: 0.263700 ms MarkObjects: 4.576000 ms  DeleteObjects: 0.222700 ms)

========================================================================
Received Prepare
Registering precompiled user dll's ...
Registered in 0.014295 seconds.
Begin MonoManager ReloadAssembly
Native extension for WindowsStandalone target not found
Refreshing native plugins compatible for Editor in 1.45 ms, found 4 plugins.
Preloading 0 native plugins for Editor in 0.00 ms.
Mono: successfully reloaded assembly
- Completed reload, in  2.120 seconds
Platform modules already initialized, skipping
Refreshing native plugins compatible for Editor in 1.48 ms, found 4 plugins.
Preloading 0 native plugins for Editor in 0.00 ms.
Unloading 3652 Unused Serialized files (Serialized files now loaded: 0)
System memory in use before: 142.6 MB.
System memory in use after: 142.8 MB.

Unloading 27 unused Assets to reduce memory usage. Loaded Objects now: 4379.
Total: 5.205800 ms (FindLiveObjects: 0.655500 ms CreateObjectMapping: 0.261900 ms MarkObjects: 4.078500 ms  DeleteObjects: 0.208000 ms)

========================================================================
Received Prepare
Registering precompiled user dll's ...
Registered in 0.014374 seconds.
Begin MonoManager ReloadAssembly
Native extension for WindowsStandalone target not found
Refreshing native plugins compatible for Editor in 1.35 ms, found 4 plugins.
Preloading 0 native plugins for Editor in 0.00 ms.
Mono: successfully reloaded assembly
- Completed reload, in  2.157 seconds
Platform modules already initialized, skipping
Refreshing native plugins compatible for Editor in 1.42 ms, found 4 plugins.
Preloading 0 native plugins for Editor in 0.00 ms.
Unloading 3652 Unused Serialized files (Serialized files now loaded: 0)
System memory in use before: 142.6 MB.
System memory in use after: 142.8 MB.

Unloading 27 unused Assets to reduce memory usage. Loaded Objects now: 4383.
Total: 5.486200 ms (FindLiveObjects: 0.588400 ms CreateObjectMapping: 0.225400 ms MarkObjects: 4.487500 ms  DeleteObjects: 0.183300 ms)

========================================================================
Received Prepare
Registering precompiled user dll's ...
Registered in 0.015232 seconds.
Begin MonoManager ReloadAssembly
Native extension for WindowsStandalone target not found
Refreshing native plugins compatible for Editor in 1.34 ms, found 4 plugins.
Preloading 0 native plugins for Editor in 0.00 ms.
Mono: successfully reloaded assembly
- Completed reload, in  2.171 seconds
Platform modules already initialized, skipping
Refreshing native plugins compatible for Editor in 1.60 ms, found 4 plugins.
Preloading 0 native plugins for Editor in 0.00 ms.
Unloading 3652 Unused Serialized files (Serialized files now loaded: 0)
System memory in use before: 142.7 MB.
System memory in use after: 142.8 MB.

Unloading 27 unused Assets to reduce memory usage. Loaded Objects now: 4387.
Total: 4.609600 ms (FindLiveObjects: 0.637200 ms CreateObjectMapping: 0.255500 ms MarkObjects: 3.540900 ms  DeleteObjects: 0.173900 ms)

========================================================================
Received Prepare
Registering precompiled user dll's ...
Registered in 0.014401 seconds.
Begin MonoManager ReloadAssembly
Native extension for WindowsStandalone target not found
Refreshing native plugins compatible for Editor in 1.29 ms, found 4 plugins.
Preloading 0 native plugins for Editor in 0.00 ms.
Mono: successfully reloaded assembly
- Completed reload, in  2.122 seconds
Platform modules already initialized, skipping
Refreshing native plugins compatible for Editor in 1.45 ms, found 4 plugins.
Preloading 0 native plugins for Editor in 0.00 ms.
Unloading 3652 Unused Serialized files (Serialized files now loaded: 0)
System memory in use before: 142.7 MB.
System memory in use after: 142.8 MB.

Unloading 27 unused Assets to reduce memory usage. Loaded Objects now: 4391.
Total: 5.284200 ms (FindLiveObjects: 0.665900 ms CreateObjectMapping: 0.313400 ms MarkObjects: 4.079900 ms  DeleteObjects: 0.222800 ms)

========================================================================
Received Prepare
Registering precompiled user dll's ...
Registered in 0.016048 seconds.
Begin MonoManager ReloadAssembly
Native extension for WindowsStandalone target not found
Refreshing native plugins compatible for Editor in 1.56 ms, found 4 plugins.
Preloading 0 native plugins for Editor in 0.00 ms.
Mono: successfully reloaded assembly
- Completed reload, in  2.172 seconds
Platform modules already initialized, skipping
Refreshing native plugins compatible for Editor in 1.35 ms, found 4 plugins.
Preloading 0 native plugins for Editor in 0.00 ms.
Unloading 3652 Unused Serialized files (Serialized files now loaded: 0)
System memory in use before: 142.7 MB.
System memory in use after: 142.8 MB.

Unloading 27 unused Assets to reduce memory usage. Loaded Objects now: 4395.
Total: 4.363400 ms (FindLiveObjects: 0.580100 ms CreateObjectMapping: 0.233100 ms MarkObjects: 3.372000 ms  DeleteObjects: 0.176700 ms)

========================================================================
Received Prepare
Registering precompiled user dll's ...
Registered in 0.015304 seconds.
Begin MonoManager ReloadAssembly
Native extension for WindowsStandalone target not found
Refreshing native plugins compatible for Editor in 1.41 ms, found 4 plugins.
Preloading 0 native plugins for Editor in 0.00 ms.
Mono: successfully reloaded assembly
- Completed reload, in  2.060 seconds
Platform modules already initialized, skipping
Refreshing native plugins compatible for Editor in 1.39 ms, found 4 plugins.
Preloading 0 native plugins for Editor in 0.00 ms.
Unloading 3652 Unused Serialized files (Serialized files now loaded: 0)
System memory in use before: 142.7 MB.
System memory in use after: 142.8 MB.

Unloading 27 unused Assets to reduce memory usage. Loaded Objects now: 4399.
Total: 4.604900 ms (FindLiveObjects: 0.570600 ms CreateObjectMapping: 0.227900 ms MarkObjects: 3.597900 ms  DeleteObjects: 0.206200 ms)

